<?xml version="1.0" encoding="UTF-8"?>
<!-- Generated by org.testng.reporters.JUnitXMLReporter -->
<testsuite ignored="6" hostname="DESKTOP-NK5J02L" failures="0" tests="2" name="Test2" time="0.028" errors="0" timestamp="2024-03-24T16:25:13 IST">
  <testcase classname="zzzzzzzzzzzzzzzzzzztest12.Parallel2" name="test6" time="0.003"/>
  <testcase classname="zzzzzzzzzzzzzzzzzzztest12.Parallel1" name="test2" time="0.003"/>
  <testcase classname="zzzzzzzzzzzzzzzzzzztest12.Parallel2" name="test5" time="0.0">
    <ignored/>
  </testcase> <!-- test5 -->
  <testcase classname="zzzzzzzzzzzzzzzzzzztest12.Parallel1" name="test3" time="0.0">
    <ignored/>
  </testcase> <!-- test3 -->
  <testcase classname="zzzzzzzzzzzzzzzzzzztest12.Parallel2" name="test8" time="0.0">
    <ignored/>
  </testcase> <!-- test8 -->
  <testcase classname="zzzzzzzzzzzzzzzzzzztest12.Parallel1" name="test4" time="0.0">
    <ignored/>
  </testcase> <!-- test4 -->
  <testcase classname="zzzzzzzzzzzzzzzzzzztest12.Parallel1" name="test1" time="0.0">
    <ignored/>
  </testcase> <!-- test1 -->
  <testcase classname="zzzzzzzzzzzzzzzzzzztest12.Parallel2" name="test7" time="0.0">
    <ignored/>
  </testcase> <!-- test7 -->
</testsuite> <!-- Test2 -->
