<?xml version="1.0" encoding="UTF-8"?>
<!-- Generated by org.testng.reporters.JUnitXMLReporter -->
<testsuite ignored="3" hostname="DESKTOP-NK5J02L" failures="0" tests="1" name="Test1" time="0.164" errors="0" timestamp="2024-03-24T16:25:13 IST">
  <testcase classname="zzzzzzzzzzzzzzzzzzztest12.Parellel3" name="test10" time="0.014"/>
  <testcase classname="zzzzzzzzzzzzzzzzzzztest12.Parellel3" name="test9" time="0.0">
    <ignored/>
  </testcase> <!-- test9 -->
  <testcase classname="zzzzzzzzzzzzzzzzzzztest12.Parellel3" name="test12" time="0.0">
    <ignored/>
  </testcase> <!-- test12 -->
  <testcase classname="zzzzzzzzzzzzzzzzzzztest12.Parellel3" name="test11" time="0.0">
    <ignored/>
  </testcase> <!-- test11 -->
</testsuite> <!-- Test1 -->
