<?xml version="1.0" encoding="UTF-8"?>
<!-- Generated by org.testng.reporters.JUnitXMLReporter -->
<testsuite ignored="0" hostname="DESKTOP-NK5J02L" failures="0" tests="12" name="Test" time="0.275" errors="0" timestamp="2024-03-25T12:59:13 IST">
  <testcase classname="groups.Test2" name="ram6" time="0.023"/>
  <testcase classname="groups.Test1" name="ram3" time="0.015"/>
  <testcase classname="groups.Test1" name="ram2" time="0.019"/>
  <testcase classname="groups.Test2" name="ram6" time="0.005"/>
  <testcase classname="groups.Test1" name="ram2" time="0.009"/>
  <testcase classname="groups.Test2" name="ram6" time="0.006"/>
  <testcase classname="groups.Test2" name="ram7" time="0.018"/>
  <testcase classname="groups.Test1" name="ram2" time="0.02"/>
  <testcase classname="groups.Test1" name="ram2" time="0.016"/>
  <testcase classname="groups.Test1" name="ram1" time="0.03"/>
  <testcase classname="groups.Test2" name="ram5" time="0.005"/>
  <testcase classname="groups.Test2" name="ram6" time="0.039"/>
</testsuite> <!-- Test -->
