<?xml version="1.0" encoding="UTF-8"?>
<testng-results ignored="0" total="12" passed="12" failed="0" skipped="0">
  <reporter-output>
  </reporter-output>
  <suite started-at="2024-03-25T12:59:13 IST" name="Suite" finished-at="2024-03-25T12:59:13 IST" duration-ms="275">
    <groups>
      <group name="regression">
        <method signature="Test1.ram1()[pri:1, instance:groups.Test1@72cc7e6f]" name="ram1" class="groups.Test1"/>
        <method signature="Test2.ram5()[pri:1, instance:groups.Test2@33065d67]" name="ram5" class="groups.Test2"/>
      </group> <!-- regression -->
      <group name="smoke">
        <method signature="Test1.ram2()[pri:0, instance:groups.Test1@72cc7e6f]" name="ram2" class="groups.Test1"/>
        <method signature="Test2.ram6()[pri:0, instance:groups.Test2@33065d67]" name="ram6" class="groups.Test2"/>
        <method signature="Test1.ram1()[pri:1, instance:groups.Test1@72cc7e6f]" name="ram1" class="groups.Test1"/>
        <method signature="Test2.ram5()[pri:1, instance:groups.Test2@33065d67]" name="ram5" class="groups.Test2"/>
      </group> <!-- smoke -->
      <group name="sanity">
        <method signature="Test1.ram2()[pri:0, instance:groups.Test1@72cc7e6f]" name="ram2" class="groups.Test1"/>
        <method signature="Test1.ram3()[pri:0, instance:groups.Test1@72cc7e6f]" name="ram3" class="groups.Test1"/>
        <method signature="Test2.ram6()[pri:0, instance:groups.Test2@33065d67]" name="ram6" class="groups.Test2"/>
        <method signature="Test2.ram7()[pri:0, instance:groups.Test2@33065d67]" name="ram7" class="groups.Test2"/>
        <method signature="Test1.ram1()[pri:1, instance:groups.Test1@72cc7e6f]" name="ram1" class="groups.Test1"/>
        <method signature="Test2.ram5()[pri:1, instance:groups.Test2@33065d67]" name="ram5" class="groups.Test2"/>
      </group> <!-- sanity -->
      <group name="ram">
        <method signature="Test1.ram3()[pri:0, instance:groups.Test1@72cc7e6f]" name="ram3" class="groups.Test1"/>
        <method signature="Test2.ram7()[pri:0, instance:groups.Test2@33065d67]" name="ram7" class="groups.Test2"/>
      </group> <!-- ram -->
    </groups>
    <test started-at="2024-03-25T12:59:13 IST" name="Test" finished-at="2024-03-25T12:59:13 IST" duration-ms="275">
      <class name="groups.Test2">
        <test-method signature="ram6()[pri:0, instance:groups.Test2@33065d67]" started-at="2024-03-25T12:59:13 IST" name="ram6" finished-at="2024-03-25T12:59:13 IST" duration-ms="23" status="PASS">
          <reporter-output>
          </reporter-output>
        </test-method> <!-- ram6 -->
        <test-method signature="ram6()[pri:0, instance:groups.Test2@33065d67]" started-at="2024-03-25T12:59:13 IST" name="ram6" finished-at="2024-03-25T12:59:13 IST" duration-ms="5" status="PASS">
          <reporter-output>
          </reporter-output>
        </test-method> <!-- ram6 -->
        <test-method signature="ram7()[pri:0, instance:groups.Test2@33065d67]" started-at="2024-03-25T12:59:13 IST" name="ram7" finished-at="2024-03-25T12:59:13 IST" duration-ms="18" status="PASS">
          <reporter-output>
          </reporter-output>
        </test-method> <!-- ram7 -->
        <test-method signature="ram6()[pri:0, instance:groups.Test2@33065d67]" started-at="2024-03-25T12:59:13 IST" name="ram6" finished-at="2024-03-25T12:59:13 IST" duration-ms="6" status="PASS">
          <reporter-output>
          </reporter-output>
        </test-method> <!-- ram6 -->
        <test-method signature="ram6()[pri:0, instance:groups.Test2@33065d67]" started-at="2024-03-25T12:59:13 IST" name="ram6" finished-at="2024-03-25T12:59:13 IST" duration-ms="39" status="PASS">
          <reporter-output>
          </reporter-output>
        </test-method> <!-- ram6 -->
        <test-method signature="ram5()[pri:1, instance:groups.Test2@33065d67]" started-at="2024-03-25T12:59:13 IST" name="ram5" finished-at="2024-03-25T12:59:13 IST" duration-ms="5" status="PASS">
          <reporter-output>
          </reporter-output>
        </test-method> <!-- ram5 -->
      </class> <!-- groups.Test2 -->
      <class name="groups.Test1">
        <test-method signature="ram2()[pri:0, instance:groups.Test1@72cc7e6f]" started-at="2024-03-25T12:59:13 IST" name="ram2" finished-at="2024-03-25T12:59:13 IST" duration-ms="19" status="PASS">
          <reporter-output>
          </reporter-output>
        </test-method> <!-- ram2 -->
        <test-method signature="ram3()[pri:0, instance:groups.Test1@72cc7e6f]" started-at="2024-03-25T12:59:13 IST" name="ram3" finished-at="2024-03-25T12:59:13 IST" duration-ms="15" status="PASS">
          <reporter-output>
          </reporter-output>
        </test-method> <!-- ram3 -->
        <test-method signature="ram2()[pri:0, instance:groups.Test1@72cc7e6f]" started-at="2024-03-25T12:59:13 IST" name="ram2" finished-at="2024-03-25T12:59:13 IST" duration-ms="9" status="PASS">
          <reporter-output>
          </reporter-output>
        </test-method> <!-- ram2 -->
        <test-method signature="ram2()[pri:0, instance:groups.Test1@72cc7e6f]" started-at="2024-03-25T12:59:13 IST" name="ram2" finished-at="2024-03-25T12:59:13 IST" duration-ms="20" status="PASS">
          <reporter-output>
          </reporter-output>
        </test-method> <!-- ram2 -->
        <test-method signature="ram1()[pri:1, instance:groups.Test1@72cc7e6f]" started-at="2024-03-25T12:59:13 IST" name="ram1" finished-at="2024-03-25T12:59:13 IST" duration-ms="30" status="PASS">
          <reporter-output>
          </reporter-output>
        </test-method> <!-- ram1 -->
        <test-method signature="ram2()[pri:0, instance:groups.Test1@72cc7e6f]" started-at="2024-03-25T12:59:13 IST" name="ram2" finished-at="2024-03-25T12:59:13 IST" duration-ms="16" status="PASS">
          <reporter-output>
          </reporter-output>
        </test-method> <!-- ram2 -->
      </class> <!-- groups.Test1 -->
    </test> <!-- Test -->
  </suite> <!-- Suite -->
</testng-results>
